<?xml version="1.0" encoding="UTF-8"?>
<!-- Generated by org.testng.reporters.JUnitXMLReporter -->
<testsuite ignored="0" hostname="SPKarthick" failures="0" tests="24" name="Full Test" time="394.736" errors="0" timestamp="2021-10-03T17:43:49 IST">
  <testcase classname="com.coursera.org.Test.IdentifyCoursesTest$validateIdentifyCourses" name="testSearchingWebDevelopmentCourse" time="5.847"/>
  <testcase classname="com.coursera.org.Test.IdentifyCoursesTest$validateIdentifyCourses" name="testApplyLanguagefilterAsEnglish" time="2.613"/>
  <testcase classname="com.coursera.org.Test.IdentifyCoursesTest$validateIdentifyCourses" name="testApplyLevelfilterAsBeginner" time="4.648"/>
  <testcase classname="com.coursera.org.Test.IdentifyCoursesTest$validateIdentifyCourses" name="testFetchFirstCourseDetails" time="4.258"/>
  <testcase classname="com.coursera.org.Test.IdentifyCoursesTest$validateIdentifyCourses" name="testFetchSecondCourseDetails" time="4.985"/>
  <testcase classname="com.coursera.org.Test.IdentifyCoursesTest$validateIdentifyCourses" name="returnHomePage" time="4.134"/>
  <testcase classname="com.coursera.org.Test.LanguageLearningCourseCountTest" name="testLoadLanguageLearningPage" time="7.575"/>
  <testcase classname="com.coursera.org.Test.LanguageLearningCourseCountTest" name="testLanguageFilterAndPrintingValuesInExcel" time="8.641"/>
  <testcase classname="com.coursera.org.Test.LanguageLearningCourseCountTest" name="testLevelFilterAndPrintingValuesInExcel" time="1.045"/>
  <testcase classname="com.coursera.org.Test.FormFillingTestWithValidData" name="testLocateFormForSmokeTest" time="18.834"/>
  <testcase classname="com.coursera.org.Test.FormFillingTestWithValidData" name="testPassValidDetails" time="23.605"/>
  <testcase classname="com.coursera.org.Test.FormFillingTestWithInvalidData" name="testLocateFormForRegressionTest" time="14.673"/>
  <testcase classname="com.coursera.org.Test.FormFillingTestWithInvalidData" name="testPassingInvalidDataIntoForm" time="24.703"/>
  <testcase classname="com.coursera.org.Test.FormFillingTestWithInvalidData" name="testPassingInvalidDataIntoForm" time="23.846"/>
  <testcase classname="com.coursera.org.Test.FormFillingTestWithInvalidData" name="testPassingInvalidDataIntoForm" time="24.486"/>
  <testcase classname="com.coursera.org.Test.FormFillingTestWithInvalidData" name="testPassingInvalidDataIntoForm" time="24.171"/>
  <testcase classname="com.coursera.org.Test.FormFillingTestWithInvalidData" name="testPassingInvalidDataIntoForm" time="24.606"/>
  <testcase classname="com.coursera.org.Test.FormFillingTestWithInvalidData" name="testPassingInvalidDataIntoForm" time="25.687"/>
  <testcase classname="com.coursera.org.Test.FormFillingTestWithInvalidData" name="testPassingInvalidDataIntoForm" time="24.778"/>
  <testcase classname="com.coursera.org.Test.FormFillingTestWithInvalidData" name="testPassingInvalidDataIntoForm" time="25.834"/>
  <testcase classname="com.coursera.org.Test.FormFillingTestWithInvalidData" name="testPassingInvalidDataIntoForm" time="23.939"/>
  <testcase classname="com.coursera.org.Test.FormFillingTestWithInvalidData" name="testPassingInvalidDataIntoForm" time="22.42"/>
  <testcase classname="com.coursera.org.Test.FormFillingTestWithInvalidData" name="testPassingInvalidDataIntoForm" time="23.899"/>
  <testcase classname="com.coursera.org.Test.FormFillingTestWithInvalidData" name="testPassingInvalidDataIntoForm" time="25.434"/>
</testsuite> <!-- Full Test -->
