<?xml version="1.0" encoding="UTF-8"?>
<!-- Generated by org.testng.reporters.JUnitXMLReporter -->
<testsuite ignored="0" hostname="SPKarthick" failures="0" tests="11" name="Smoke Test" time="93.455" errors="0" timestamp="2021-10-01T20:23:58 IST">
  <testcase classname="com.coursera.org.Test.IdentifyCoursesTest$validateIdentifyCourses" name="testSearchingWebDevelopmentCourse" time="6.201"/>
  <testcase classname="com.coursera.org.Test.IdentifyCoursesTest$validateIdentifyCourses" name="testApplyLanguagefilterAsEnglish" time="2.716"/>
  <testcase classname="com.coursera.org.Test.IdentifyCoursesTest$validateIdentifyCourses" name="testApplyLevelfilterAsBeginner" time="4.031"/>
  <testcase classname="com.coursera.org.Test.IdentifyCoursesTest$validateIdentifyCourses" name="testFetchFirstCourseDetails" time="4.48"/>
  <testcase classname="com.coursera.org.Test.IdentifyCoursesTest$validateIdentifyCourses" name="testFetchSecondCourseDetails" time="12.686"/>
  <testcase classname="com.coursera.org.Test.IdentifyCoursesTest$validateIdentifyCourses" name="returnHomePage" time="3.805"/>
  <testcase classname="com.coursera.org.Test.LanguageLearningCourseCountTest" name="testLoadLanguageLearningPage" time="8.256"/>
  <testcase classname="com.coursera.org.Test.LanguageLearningCourseCountTest" name="testLanguageFilterAndPrintingValuesInExcel" time="8.499"/>
  <testcase classname="com.coursera.org.Test.LanguageLearningCourseCountTest" name="testLevelFilterAndPrintingValuesInExcel" time="0.892"/>
  <testcase classname="com.coursera.org.Test.FormFillingTestWithValidData" name="testLocateFormForSmokeTest" time="18.084"/>
  <testcase classname="com.coursera.org.Test.FormFillingTestWithValidData" name="testPassValidDetails" time="23.752"/>
</testsuite> <!-- Smoke Test -->
