<?xml version="1.0" encoding="UTF-8"?>
<testng-results ignored="0" total="24" passed="24" failed="0" skipped="0">
  <reporter-output>
    <line>
      <![CDATA[ ]]>
    </line>
    <line>
      <![CDATA[Details of First Course :]]>
    </line>
    <line>
      <![CDATA[ ]]>
    </line>
    <line>
      <![CDATA[Course Name - Web Design for Everybody: Basics of Web Development & Coding]]>
    </line>
    <line>
      <![CDATA[Course Rating - 4.7]]>
    </line>
    <line>
      <![CDATA[Course Duration - Approximately 6 months to complete]]>
    </line>
    <line>
      <![CDATA[ ]]>
    </line>
    <line>
      <![CDATA[Details of Second Course :]]>
    </line>
    <line>
      <![CDATA[ ]]>
    </line>
    <line>
      <![CDATA[Course Name - Introduction to Web Development]]>
    </line>
    <line>
      <![CDATA[Course Rating - 4.7]]>
    </line>
    <line>
      <![CDATA[Course Duration - Approx. 22 hours to complete]]>
    </line>
  </reporter-output>
  <suite started-at="2021-10-03T17:37:15 IST" name="Suite" finished-at="2021-10-03T17:43:49 IST" duration-ms="394736">
    <groups>
      <group name="Regression Test">
        <method signature="FormFillingTestWithInvalidData.testLocateFormForRegressionTest()[pri:0, instance:com.coursera.org.Test.FormFillingTestWithInvalidData@2e570ded]" name="testLocateFormForRegressionTest" class="com.coursera.org.Test.FormFillingTestWithInvalidData"/>
        <method signature="FormFillingTestWithInvalidData.testPassingInvalidDataIntoForm(java.lang.String,java.lang.String,java.lang.String,java.lang.String,java.lang.String,java.lang.String,java.lang.String,java.lang.String,java.lang.String,java.lang.String,java.lang.String,java.lang.String,java.lang.String)[pri:1, instance:com.coursera.org.Test.FormFillingTestWithInvalidData@2e570ded]" name="testPassingInvalidDataIntoForm" class="com.coursera.org.Test.FormFillingTestWithInvalidData"/>
      </group> <!-- Regression Test -->
      <group name="Smoke Test">
        <method signature="FormFillingTestWithValidData.testLocateFormForSmokeTest()[pri:9, instance:com.coursera.org.Test.FormFillingTestWithValidData@35b74c5c]" name="testLocateFormForSmokeTest" class="com.coursera.org.Test.FormFillingTestWithValidData"/>
        <method signature="FormFillingTestWithValidData.testPassValidDetails()[pri:10, instance:com.coursera.org.Test.FormFillingTestWithValidData@35b74c5c]" name="testPassValidDetails" class="com.coursera.org.Test.FormFillingTestWithValidData"/>
        <method signature="IdentifyCoursesTest$validateIdentifyCourses.returnHomePage()[pri:6, instance:com.coursera.org.Test.IdentifyCoursesTest$validateIdentifyCourses@3cce57c7]" name="returnHomePage" class="com.coursera.org.Test.IdentifyCoursesTest$validateIdentifyCourses"/>
        <method signature="IdentifyCoursesTest$validateIdentifyCourses.testApplyLanguagefilterAsEnglish()[pri:2, instance:com.coursera.org.Test.IdentifyCoursesTest$validateIdentifyCourses@3cce57c7]" name="testApplyLanguagefilterAsEnglish" class="com.coursera.org.Test.IdentifyCoursesTest$validateIdentifyCourses"/>
        <method signature="IdentifyCoursesTest$validateIdentifyCourses.testApplyLevelfilterAsBeginner()[pri:3, instance:com.coursera.org.Test.IdentifyCoursesTest$validateIdentifyCourses@3cce57c7]" name="testApplyLevelfilterAsBeginner" class="com.coursera.org.Test.IdentifyCoursesTest$validateIdentifyCourses"/>
        <method signature="IdentifyCoursesTest$validateIdentifyCourses.testFetchFirstCourseDetails()[pri:4, instance:com.coursera.org.Test.IdentifyCoursesTest$validateIdentifyCourses@3cce57c7]" name="testFetchFirstCourseDetails" class="com.coursera.org.Test.IdentifyCoursesTest$validateIdentifyCourses"/>
        <method signature="IdentifyCoursesTest$validateIdentifyCourses.testFetchSecondCourseDetails()[pri:5, instance:com.coursera.org.Test.IdentifyCoursesTest$validateIdentifyCourses@3cce57c7]" name="testFetchSecondCourseDetails" class="com.coursera.org.Test.IdentifyCoursesTest$validateIdentifyCourses"/>
        <method signature="IdentifyCoursesTest$validateIdentifyCourses.testSearchingWebDevelopmentCourse()[pri:1, instance:com.coursera.org.Test.IdentifyCoursesTest$validateIdentifyCourses@3cce57c7]" name="testSearchingWebDevelopmentCourse" class="com.coursera.org.Test.IdentifyCoursesTest$validateIdentifyCourses"/>
        <method signature="LanguageLearningCourseCountTest.testLanguageFilterAndPrintingValuesInExcel()[pri:8, instance:com.coursera.org.Test.LanguageLearningCourseCountTest@264f218]" name="testLanguageFilterAndPrintingValuesInExcel" class="com.coursera.org.Test.LanguageLearningCourseCountTest"/>
        <method signature="LanguageLearningCourseCountTest.testLevelFilterAndPrintingValuesInExcel()[pri:8, instance:com.coursera.org.Test.LanguageLearningCourseCountTest@264f218]" name="testLevelFilterAndPrintingValuesInExcel" class="com.coursera.org.Test.LanguageLearningCourseCountTest"/>
        <method signature="LanguageLearningCourseCountTest.testLoadLanguageLearningPage()[pri:7, instance:com.coursera.org.Test.LanguageLearningCourseCountTest@264f218]" name="testLoadLanguageLearningPage" class="com.coursera.org.Test.LanguageLearningCourseCountTest"/>
      </group> <!-- Smoke Test -->
    </groups>
    <test started-at="2021-10-03T17:37:15 IST" name="Full Test" finished-at="2021-10-03T17:43:49 IST" duration-ms="394736">
      <class name="com.coursera.org.Test.FormFillingTestWithValidData">
        <test-method signature="testLocateFormForSmokeTest()[pri:9, instance:com.coursera.org.Test.FormFillingTestWithValidData@35b74c5c]" started-at="2021-10-03T17:37:58 IST" name="testLocateFormForSmokeTest" finished-at="2021-10-03T17:38:17 IST" duration-ms="18834" status="PASS">
          <reporter-output>
          </reporter-output>
        </test-method> <!-- testLocateFormForSmokeTest -->
        <test-method signature="testPassValidDetails()[pri:10, instance:com.coursera.org.Test.FormFillingTestWithValidData@35b74c5c]" started-at="2021-10-03T17:38:17 IST" name="testPassValidDetails" finished-at="2021-10-03T17:38:41 IST" duration-ms="23605" status="PASS">
          <reporter-output>
          </reporter-output>
        </test-method> <!-- testPassValidDetails -->
      </class> <!-- com.coursera.org.Test.FormFillingTestWithValidData -->
      <class name="com.coursera.org.Test.IdentifyCoursesTest$validateIdentifyCourses">
        <test-method signature="testSearchingWebDevelopmentCourse()[pri:1, instance:com.coursera.org.Test.IdentifyCoursesTest$validateIdentifyCourses@3cce57c7]" started-at="2021-10-03T17:37:15 IST" name="testSearchingWebDevelopmentCourse" finished-at="2021-10-03T17:37:21 IST" duration-ms="5847" status="PASS">
          <reporter-output>
          </reporter-output>
        </test-method> <!-- testSearchingWebDevelopmentCourse -->
        <test-method signature="testApplyLanguagefilterAsEnglish()[pri:2, instance:com.coursera.org.Test.IdentifyCoursesTest$validateIdentifyCourses@3cce57c7]" started-at="2021-10-03T17:37:21 IST" name="testApplyLanguagefilterAsEnglish" finished-at="2021-10-03T17:37:23 IST" duration-ms="2613" status="PASS">
          <reporter-output>
          </reporter-output>
        </test-method> <!-- testApplyLanguagefilterAsEnglish -->
        <test-method signature="testApplyLevelfilterAsBeginner()[pri:3, instance:com.coursera.org.Test.IdentifyCoursesTest$validateIdentifyCourses@3cce57c7]" started-at="2021-10-03T17:37:23 IST" name="testApplyLevelfilterAsBeginner" finished-at="2021-10-03T17:37:28 IST" duration-ms="4648" status="PASS">
          <reporter-output>
          </reporter-output>
        </test-method> <!-- testApplyLevelfilterAsBeginner -->
        <test-method signature="testFetchFirstCourseDetails()[pri:4, instance:com.coursera.org.Test.IdentifyCoursesTest$validateIdentifyCourses@3cce57c7]" started-at="2021-10-03T17:37:28 IST" name="testFetchFirstCourseDetails" finished-at="2021-10-03T17:37:32 IST" duration-ms="4258" status="PASS">
          <reporter-output>
            <line>
              <![CDATA[ ]]>
            </line>
            <line>
              <![CDATA[Details of First Course :]]>
            </line>
            <line>
              <![CDATA[ ]]>
            </line>
            <line>
              <![CDATA[Course Name - Web Design for Everybody: Basics of Web Development & Coding]]>
            </line>
            <line>
              <![CDATA[Course Rating - 4.7]]>
            </line>
            <line>
              <![CDATA[Course Duration - Approximately 6 months to complete]]>
            </line>
          </reporter-output>
        </test-method> <!-- testFetchFirstCourseDetails -->
        <test-method signature="testFetchSecondCourseDetails()[pri:5, instance:com.coursera.org.Test.IdentifyCoursesTest$validateIdentifyCourses@3cce57c7]" started-at="2021-10-03T17:37:32 IST" name="testFetchSecondCourseDetails" finished-at="2021-10-03T17:37:37 IST" duration-ms="4985" status="PASS">
          <reporter-output>
            <line>
              <![CDATA[ ]]>
            </line>
            <line>
              <![CDATA[Details of Second Course :]]>
            </line>
            <line>
              <![CDATA[ ]]>
            </line>
            <line>
              <![CDATA[Course Name - Introduction to Web Development]]>
            </line>
            <line>
              <![CDATA[Course Rating - 4.7]]>
            </line>
            <line>
              <![CDATA[Course Duration - Approx. 22 hours to complete]]>
            </line>
          </reporter-output>
        </test-method> <!-- testFetchSecondCourseDetails -->
        <test-method signature="returnHomePage()[pri:6, instance:com.coursera.org.Test.IdentifyCoursesTest$validateIdentifyCourses@3cce57c7]" started-at="2021-10-03T17:37:37 IST" name="returnHomePage" finished-at="2021-10-03T17:37:41 IST" duration-ms="4134" status="PASS">
          <reporter-output>
          </reporter-output>
        </test-method> <!-- returnHomePage -->
      </class> <!-- com.coursera.org.Test.IdentifyCoursesTest$validateIdentifyCourses -->
      <class name="com.coursera.org.Test.FormFillingTestWithInvalidData">
        <test-method signature="testLocateFormForRegressionTest()[pri:0, instance:com.coursera.org.Test.FormFillingTestWithInvalidData@2e570ded]" started-at="2021-10-03T17:38:41 IST" name="testLocateFormForRegressionTest" finished-at="2021-10-03T17:38:56 IST" duration-ms="14673" status="PASS">
          <reporter-output>
          </reporter-output>
        </test-method> <!-- testLocateFormForRegressionTest -->
        <test-method signature="testPassingInvalidDataIntoForm(java.lang.String,java.lang.String,java.lang.String,java.lang.String,java.lang.String,java.lang.String,java.lang.String,java.lang.String,java.lang.String,java.lang.String,java.lang.String,java.lang.String,java.lang.String)[pri:1, instance:com.coursera.org.Test.FormFillingTestWithInvalidData@2e570ded]" started-at="2021-10-03T17:38:56 IST" name="testPassingInvalidDataIntoForm" data-provider="formData" finished-at="2021-10-03T17:39:20 IST" duration-ms="24703" status="PASS">
          <params>
            <param index="0">
              <value>
                <![CDATA[]]>
              </value>
            </param>
            <param index="1">
              <value>
                <![CDATA[Karthick]]>
              </value>
            </param>
            <param index="2">
              <value>
                <![CDATA[Dean]]>
              </value>
            </param>
            <param index="3">
              <value>
                <![CDATA[Programmer]]>
              </value>
            </param>
            <param index="4">
              <value>
                <![CDATA[webster75@example.com]]>
              </value>
            </param>
            <param index="5">
              <value>
                <![CDATA[916127938339]]>
              </value>
            </param>
            <param index="6">
              <value>
                <![CDATA[IIT Madras]]>
              </value>
            </param>
            <param index="7">
              <value>
                <![CDATA[Government]]>
              </value>
            </param>
            <param index="8">
              <value>
                <![CDATA[Computer Science]]>
              </value>
            </param>
            <param index="9">
              <value>
                <![CDATA[India]]>
              </value>
            </param>
            <param index="10">
              <value>
                <![CDATA[Tamil Nadu]]>
              </value>
            </param>
            <param index="11">
              <value>
                <![CDATA[NA]]>
              </value>
            </param>
            <param index="12">
              <value>
                <![CDATA[FirstNameErr]]>
              </value>
            </param>
          </params>
          <reporter-output>
          </reporter-output>
        </test-method> <!-- testPassingInvalidDataIntoForm -->
        <test-method signature="testPassingInvalidDataIntoForm(java.lang.String,java.lang.String,java.lang.String,java.lang.String,java.lang.String,java.lang.String,java.lang.String,java.lang.String,java.lang.String,java.lang.String,java.lang.String,java.lang.String,java.lang.String)[pri:1, instance:com.coursera.org.Test.FormFillingTestWithInvalidData@2e570ded]" started-at="2021-10-03T17:39:20 IST" name="testPassingInvalidDataIntoForm" data-provider="formData" finished-at="2021-10-03T17:39:44 IST" duration-ms="23846" status="PASS">
          <params>
            <param index="0">
              <value>
                <![CDATA[Palani ]]>
              </value>
            </param>
            <param index="1">
              <value>
                <![CDATA[]]>
              </value>
            </param>
            <param index="2">
              <value>
                <![CDATA[Dean]]>
              </value>
            </param>
            <param index="3">
              <value>
                <![CDATA[Programmer]]>
              </value>
            </param>
            <param index="4">
              <value>
                <![CDATA[webster75@example.com]]>
              </value>
            </param>
            <param index="5">
              <value>
                <![CDATA[916127938339]]>
              </value>
            </param>
            <param index="6">
              <value>
                <![CDATA[IIT Madras]]>
              </value>
            </param>
            <param index="7">
              <value>
                <![CDATA[Government]]>
              </value>
            </param>
            <param index="8">
              <value>
                <![CDATA[Computer Science]]>
              </value>
            </param>
            <param index="9">
              <value>
                <![CDATA[India]]>
              </value>
            </param>
            <param index="10">
              <value>
                <![CDATA[Tamil Nadu]]>
              </value>
            </param>
            <param index="11">
              <value>
                <![CDATA[NA]]>
              </value>
            </param>
            <param index="12">
              <value>
                <![CDATA[LastNameErr]]>
              </value>
            </param>
          </params>
          <reporter-output>
          </reporter-output>
        </test-method> <!-- testPassingInvalidDataIntoForm -->
        <test-method signature="testPassingInvalidDataIntoForm(java.lang.String,java.lang.String,java.lang.String,java.lang.String,java.lang.String,java.lang.String,java.lang.String,java.lang.String,java.lang.String,java.lang.String,java.lang.String,java.lang.String,java.lang.String)[pri:1, instance:com.coursera.org.Test.FormFillingTestWithInvalidData@2e570ded]" started-at="2021-10-03T17:39:44 IST" name="testPassingInvalidDataIntoForm" data-provider="formData" finished-at="2021-10-03T17:40:09 IST" duration-ms="24486" status="PASS">
          <params>
            <param index="0">
              <value>
                <![CDATA[Palani ]]>
              </value>
            </param>
            <param index="1">
              <value>
                <![CDATA[Karthick]]>
              </value>
            </param>
            <param index="2">
              <value>
                <![CDATA[Select...]]>
              </value>
            </param>
            <param index="3">
              <value>
                <![CDATA[Programmer]]>
              </value>
            </param>
            <param index="4">
              <value>
                <![CDATA[webster75@example.com]]>
              </value>
            </param>
            <param index="5">
              <value>
                <![CDATA[916127938339]]>
              </value>
            </param>
            <param index="6">
              <value>
                <![CDATA[IIT Madras]]>
              </value>
            </param>
            <param index="7">
              <value>
                <![CDATA[Government]]>
              </value>
            </param>
            <param index="8">
              <value>
                <![CDATA[Computer Science]]>
              </value>
            </param>
            <param index="9">
              <value>
                <![CDATA[India]]>
              </value>
            </param>
            <param index="10">
              <value>
                <![CDATA[Tamil Nadu]]>
              </value>
            </param>
            <param index="11">
              <value>
                <![CDATA[NA]]>
              </value>
            </param>
            <param index="12">
              <value>
                <![CDATA[JobFunctionErr]]>
              </value>
            </param>
          </params>
          <reporter-output>
          </reporter-output>
        </test-method> <!-- testPassingInvalidDataIntoForm -->
        <test-method signature="testPassingInvalidDataIntoForm(java.lang.String,java.lang.String,java.lang.String,java.lang.String,java.lang.String,java.lang.String,java.lang.String,java.lang.String,java.lang.String,java.lang.String,java.lang.String,java.lang.String,java.lang.String)[pri:1, instance:com.coursera.org.Test.FormFillingTestWithInvalidData@2e570ded]" started-at="2021-10-03T17:40:09 IST" name="testPassingInvalidDataIntoForm" data-provider="formData" finished-at="2021-10-03T17:40:33 IST" duration-ms="24171" status="PASS">
          <params>
            <param index="0">
              <value>
                <![CDATA[Palani ]]>
              </value>
            </param>
            <param index="1">
              <value>
                <![CDATA[Karthick]]>
              </value>
            </param>
            <param index="2">
              <value>
                <![CDATA[Dean]]>
              </value>
            </param>
            <param index="3">
              <value>
                <![CDATA[]]>
              </value>
            </param>
            <param index="4">
              <value>
                <![CDATA[webster75@example.com]]>
              </value>
            </param>
            <param index="5">
              <value>
                <![CDATA[916127938339]]>
              </value>
            </param>
            <param index="6">
              <value>
                <![CDATA[IIT Madras]]>
              </value>
            </param>
            <param index="7">
              <value>
                <![CDATA[Government]]>
              </value>
            </param>
            <param index="8">
              <value>
                <![CDATA[Computer Science]]>
              </value>
            </param>
            <param index="9">
              <value>
                <![CDATA[India]]>
              </value>
            </param>
            <param index="10">
              <value>
                <![CDATA[Tamil Nadu]]>
              </value>
            </param>
            <param index="11">
              <value>
                <![CDATA[NA]]>
              </value>
            </param>
            <param index="12">
              <value>
                <![CDATA[JobTitleErr]]>
              </value>
            </param>
          </params>
          <reporter-output>
          </reporter-output>
        </test-method> <!-- testPassingInvalidDataIntoForm -->
        <test-method signature="testPassingInvalidDataIntoForm(java.lang.String,java.lang.String,java.lang.String,java.lang.String,java.lang.String,java.lang.String,java.lang.String,java.lang.String,java.lang.String,java.lang.String,java.lang.String,java.lang.String,java.lang.String)[pri:1, instance:com.coursera.org.Test.FormFillingTestWithInvalidData@2e570ded]" started-at="2021-10-03T17:40:33 IST" name="testPassingInvalidDataIntoForm" data-provider="formData" finished-at="2021-10-03T17:40:57 IST" duration-ms="24606" status="PASS">
          <params>
            <param index="0">
              <value>
                <![CDATA[Palani ]]>
              </value>
            </param>
            <param index="1">
              <value>
                <![CDATA[Karthick]]>
              </value>
            </param>
            <param index="2">
              <value>
                <![CDATA[Dean]]>
              </value>
            </param>
            <param index="3">
              <value>
                <![CDATA[Programmer]]>
              </value>
            </param>
            <param index="4">
              <value>
                <![CDATA[]]>
              </value>
            </param>
            <param index="5">
              <value>
                <![CDATA[916127938339]]>
              </value>
            </param>
            <param index="6">
              <value>
                <![CDATA[IIT Madras]]>
              </value>
            </param>
            <param index="7">
              <value>
                <![CDATA[Government]]>
              </value>
            </param>
            <param index="8">
              <value>
                <![CDATA[Computer Science]]>
              </value>
            </param>
            <param index="9">
              <value>
                <![CDATA[India]]>
              </value>
            </param>
            <param index="10">
              <value>
                <![CDATA[Tamil Nadu]]>
              </value>
            </param>
            <param index="11">
              <value>
                <![CDATA[NA]]>
              </value>
            </param>
            <param index="12">
              <value>
                <![CDATA[EmailErr]]>
              </value>
            </param>
          </params>
          <reporter-output>
          </reporter-output>
        </test-method> <!-- testPassingInvalidDataIntoForm -->
        <test-method signature="testPassingInvalidDataIntoForm(java.lang.String,java.lang.String,java.lang.String,java.lang.String,java.lang.String,java.lang.String,java.lang.String,java.lang.String,java.lang.String,java.lang.String,java.lang.String,java.lang.String,java.lang.String)[pri:1, instance:com.coursera.org.Test.FormFillingTestWithInvalidData@2e570ded]" started-at="2021-10-03T17:40:57 IST" name="testPassingInvalidDataIntoForm" data-provider="formData" finished-at="2021-10-03T17:41:23 IST" duration-ms="25687" status="PASS">
          <params>
            <param index="0">
              <value>
                <![CDATA[Palani ]]>
              </value>
            </param>
            <param index="1">
              <value>
                <![CDATA[Karthick]]>
              </value>
            </param>
            <param index="2">
              <value>
                <![CDATA[Dean]]>
              </value>
            </param>
            <param index="3">
              <value>
                <![CDATA[Programmer]]>
              </value>
            </param>
            <param index="4">
              <value>
                <![CDATA[webster75@example.com]]>
              </value>
            </param>
            <param index="5">
              <value>
                <![CDATA[]]>
              </value>
            </param>
            <param index="6">
              <value>
                <![CDATA[IIT Madras]]>
              </value>
            </param>
            <param index="7">
              <value>
                <![CDATA[Government]]>
              </value>
            </param>
            <param index="8">
              <value>
                <![CDATA[Computer Science]]>
              </value>
            </param>
            <param index="9">
              <value>
                <![CDATA[India]]>
              </value>
            </param>
            <param index="10">
              <value>
                <![CDATA[Tamil Nadu]]>
              </value>
            </param>
            <param index="11">
              <value>
                <![CDATA[NA]]>
              </value>
            </param>
            <param index="12">
              <value>
                <![CDATA[PhoneNumberErr]]>
              </value>
            </param>
          </params>
          <reporter-output>
          </reporter-output>
        </test-method> <!-- testPassingInvalidDataIntoForm -->
        <test-method signature="testPassingInvalidDataIntoForm(java.lang.String,java.lang.String,java.lang.String,java.lang.String,java.lang.String,java.lang.String,java.lang.String,java.lang.String,java.lang.String,java.lang.String,java.lang.String,java.lang.String,java.lang.String)[pri:1, instance:com.coursera.org.Test.FormFillingTestWithInvalidData@2e570ded]" started-at="2021-10-03T17:41:23 IST" name="testPassingInvalidDataIntoForm" data-provider="formData" finished-at="2021-10-03T17:41:48 IST" duration-ms="24778" status="PASS">
          <params>
            <param index="0">
              <value>
                <![CDATA[Palani ]]>
              </value>
            </param>
            <param index="1">
              <value>
                <![CDATA[Karthick]]>
              </value>
            </param>
            <param index="2">
              <value>
                <![CDATA[Dean]]>
              </value>
            </param>
            <param index="3">
              <value>
                <![CDATA[Programmer]]>
              </value>
            </param>
            <param index="4">
              <value>
                <![CDATA[webster75@example.com]]>
              </value>
            </param>
            <param index="5">
              <value>
                <![CDATA[916127938339]]>
              </value>
            </param>
            <param index="6">
              <value>
                <![CDATA[]]>
              </value>
            </param>
            <param index="7">
              <value>
                <![CDATA[Government]]>
              </value>
            </param>
            <param index="8">
              <value>
                <![CDATA[Computer Science]]>
              </value>
            </param>
            <param index="9">
              <value>
                <![CDATA[India]]>
              </value>
            </param>
            <param index="10">
              <value>
                <![CDATA[Tamil Nadu]]>
              </value>
            </param>
            <param index="11">
              <value>
                <![CDATA[NA]]>
              </value>
            </param>
            <param index="12">
              <value>
                <![CDATA[InstituteNameErr]]>
              </value>
            </param>
          </params>
          <reporter-output>
          </reporter-output>
        </test-method> <!-- testPassingInvalidDataIntoForm -->
        <test-method signature="testPassingInvalidDataIntoForm(java.lang.String,java.lang.String,java.lang.String,java.lang.String,java.lang.String,java.lang.String,java.lang.String,java.lang.String,java.lang.String,java.lang.String,java.lang.String,java.lang.String,java.lang.String)[pri:1, instance:com.coursera.org.Test.FormFillingTestWithInvalidData@2e570ded]" started-at="2021-10-03T17:41:48 IST" name="testPassingInvalidDataIntoForm" data-provider="formData" finished-at="2021-10-03T17:42:14 IST" duration-ms="25834" status="PASS">
          <params>
            <param index="0">
              <value>
                <![CDATA[Palani ]]>
              </value>
            </param>
            <param index="1">
              <value>
                <![CDATA[Karthick]]>
              </value>
            </param>
            <param index="2">
              <value>
                <![CDATA[Dean]]>
              </value>
            </param>
            <param index="3">
              <value>
                <![CDATA[Programmer]]>
              </value>
            </param>
            <param index="4">
              <value>
                <![CDATA[webster75@example.com]]>
              </value>
            </param>
            <param index="5">
              <value>
                <![CDATA[916127938339]]>
              </value>
            </param>
            <param index="6">
              <value>
                <![CDATA[IIT Madras]]>
              </value>
            </param>
            <param index="7">
              <value>
                <![CDATA[Select...]]>
              </value>
            </param>
            <param index="8">
              <value>
                <![CDATA[Computer Science]]>
              </value>
            </param>
            <param index="9">
              <value>
                <![CDATA[India]]>
              </value>
            </param>
            <param index="10">
              <value>
                <![CDATA[Tamil Nadu]]>
              </value>
            </param>
            <param index="11">
              <value>
                <![CDATA[NA]]>
              </value>
            </param>
            <param index="12">
              <value>
                <![CDATA[InstituteTypeErr]]>
              </value>
            </param>
          </params>
          <reporter-output>
          </reporter-output>
        </test-method> <!-- testPassingInvalidDataIntoForm -->
        <test-method signature="testPassingInvalidDataIntoForm(java.lang.String,java.lang.String,java.lang.String,java.lang.String,java.lang.String,java.lang.String,java.lang.String,java.lang.String,java.lang.String,java.lang.String,java.lang.String,java.lang.String,java.lang.String)[pri:1, instance:com.coursera.org.Test.FormFillingTestWithInvalidData@2e570ded]" started-at="2021-10-03T17:42:14 IST" name="testPassingInvalidDataIntoForm" data-provider="formData" finished-at="2021-10-03T17:42:38 IST" duration-ms="23939" status="PASS">
          <params>
            <param index="0">
              <value>
                <![CDATA[Palani ]]>
              </value>
            </param>
            <param index="1">
              <value>
                <![CDATA[Karthick]]>
              </value>
            </param>
            <param index="2">
              <value>
                <![CDATA[Dean]]>
              </value>
            </param>
            <param index="3">
              <value>
                <![CDATA[Programmer]]>
              </value>
            </param>
            <param index="4">
              <value>
                <![CDATA[webster75@example.com]]>
              </value>
            </param>
            <param index="5">
              <value>
                <![CDATA[916127938339]]>
              </value>
            </param>
            <param index="6">
              <value>
                <![CDATA[IIT Madras]]>
              </value>
            </param>
            <param index="7">
              <value>
                <![CDATA[Government]]>
              </value>
            </param>
            <param index="8">
              <value>
                <![CDATA[Select...]]>
              </value>
            </param>
            <param index="9">
              <value>
                <![CDATA[India]]>
              </value>
            </param>
            <param index="10">
              <value>
                <![CDATA[Tamil Nadu]]>
              </value>
            </param>
            <param index="11">
              <value>
                <![CDATA[NA]]>
              </value>
            </param>
            <param index="12">
              <value>
                <![CDATA[PrimaryDisErr]]>
              </value>
            </param>
          </params>
          <reporter-output>
          </reporter-output>
        </test-method> <!-- testPassingInvalidDataIntoForm -->
        <test-method signature="testPassingInvalidDataIntoForm(java.lang.String,java.lang.String,java.lang.String,java.lang.String,java.lang.String,java.lang.String,java.lang.String,java.lang.String,java.lang.String,java.lang.String,java.lang.String,java.lang.String,java.lang.String)[pri:1, instance:com.coursera.org.Test.FormFillingTestWithInvalidData@2e570ded]" started-at="2021-10-03T17:42:38 IST" name="testPassingInvalidDataIntoForm" data-provider="formData" finished-at="2021-10-03T17:43:00 IST" duration-ms="22420" status="PASS">
          <params>
            <param index="0">
              <value>
                <![CDATA[Palani ]]>
              </value>
            </param>
            <param index="1">
              <value>
                <![CDATA[Karthick]]>
              </value>
            </param>
            <param index="2">
              <value>
                <![CDATA[Dean]]>
              </value>
            </param>
            <param index="3">
              <value>
                <![CDATA[Programmer]]>
              </value>
            </param>
            <param index="4">
              <value>
                <![CDATA[webster75@example.com]]>
              </value>
            </param>
            <param index="5">
              <value>
                <![CDATA[916127938339]]>
              </value>
            </param>
            <param index="6">
              <value>
                <![CDATA[IIT Madras]]>
              </value>
            </param>
            <param index="7">
              <value>
                <![CDATA[Government]]>
              </value>
            </param>
            <param index="8">
              <value>
                <![CDATA[Computer Science]]>
              </value>
            </param>
            <param index="9">
              <value>
                <![CDATA[Country]]>
              </value>
            </param>
            <param index="10">
              <value>
                <![CDATA[Tamil Nadu]]>
              </value>
            </param>
            <param index="11">
              <value>
                <![CDATA[NA]]>
              </value>
            </param>
            <param index="12">
              <value>
                <![CDATA[CountryErr]]>
              </value>
            </param>
          </params>
          <reporter-output>
          </reporter-output>
        </test-method> <!-- testPassingInvalidDataIntoForm -->
        <test-method signature="testPassingInvalidDataIntoForm(java.lang.String,java.lang.String,java.lang.String,java.lang.String,java.lang.String,java.lang.String,java.lang.String,java.lang.String,java.lang.String,java.lang.String,java.lang.String,java.lang.String,java.lang.String)[pri:1, instance:com.coursera.org.Test.FormFillingTestWithInvalidData@2e570ded]" started-at="2021-10-03T17:43:00 IST" name="testPassingInvalidDataIntoForm" data-provider="formData" finished-at="2021-10-03T17:43:24 IST" duration-ms="23899" status="PASS">
          <params>
            <param index="0">
              <value>
                <![CDATA[Palani ]]>
              </value>
            </param>
            <param index="1">
              <value>
                <![CDATA[Karthick]]>
              </value>
            </param>
            <param index="2">
              <value>
                <![CDATA[Dean]]>
              </value>
            </param>
            <param index="3">
              <value>
                <![CDATA[Programmer]]>
              </value>
            </param>
            <param index="4">
              <value>
                <![CDATA[webster75@example.com]]>
              </value>
            </param>
            <param index="5">
              <value>
                <![CDATA[916127938339]]>
              </value>
            </param>
            <param index="6">
              <value>
                <![CDATA[IIT Madras]]>
              </value>
            </param>
            <param index="7">
              <value>
                <![CDATA[Government]]>
              </value>
            </param>
            <param index="8">
              <value>
                <![CDATA[Computer Science]]>
              </value>
            </param>
            <param index="9">
              <value>
                <![CDATA[India]]>
              </value>
            </param>
            <param index="10">
              <value>
                <![CDATA[Select...]]>
              </value>
            </param>
            <param index="11">
              <value>
                <![CDATA[NA]]>
              </value>
            </param>
            <param index="12">
              <value>
                <![CDATA[StateErr]]>
              </value>
            </param>
          </params>
          <reporter-output>
          </reporter-output>
        </test-method> <!-- testPassingInvalidDataIntoForm -->
        <test-method signature="testPassingInvalidDataIntoForm(java.lang.String,java.lang.String,java.lang.String,java.lang.String,java.lang.String,java.lang.String,java.lang.String,java.lang.String,java.lang.String,java.lang.String,java.lang.String,java.lang.String,java.lang.String)[pri:1, instance:com.coursera.org.Test.FormFillingTestWithInvalidData@2e570ded]" started-at="2021-10-03T17:43:24 IST" name="testPassingInvalidDataIntoForm" data-provider="formData" finished-at="2021-10-03T17:43:49 IST" duration-ms="25434" status="PASS">
          <params>
            <param index="0">
              <value>
                <![CDATA[Palani ]]>
              </value>
            </param>
            <param index="1">
              <value>
                <![CDATA[Karthick]]>
              </value>
            </param>
            <param index="2">
              <value>
                <![CDATA[Dean]]>
              </value>
            </param>
            <param index="3">
              <value>
                <![CDATA[Programmer]]>
              </value>
            </param>
            <param index="4">
              <value>
                <![CDATA[webster75@example.com]]>
              </value>
            </param>
            <param index="5">
              <value>
                <![CDATA[916127938339]]>
              </value>
            </param>
            <param index="6">
              <value>
                <![CDATA[IIT Madras]]>
              </value>
            </param>
            <param index="7">
              <value>
                <![CDATA[Government]]>
              </value>
            </param>
            <param index="8">
              <value>
                <![CDATA[Computer Science]]>
              </value>
            </param>
            <param index="9">
              <value>
                <![CDATA[India]]>
              </value>
            </param>
            <param index="10">
              <value>
                <![CDATA[Tamil Nadu]]>
              </value>
            </param>
            <param index="11">
              <value>
                <![CDATA[]]>
              </value>
            </param>
            <param index="12">
              <value>
                <![CDATA[CommentsErr]]>
              </value>
            </param>
          </params>
          <reporter-output>
          </reporter-output>
        </test-method> <!-- testPassingInvalidDataIntoForm -->
      </class> <!-- com.coursera.org.Test.FormFillingTestWithInvalidData -->
      <class name="com.coursera.org.Test.LanguageLearningCourseCountTest">
        <test-method signature="testLoadLanguageLearningPage()[pri:7, instance:com.coursera.org.Test.LanguageLearningCourseCountTest@264f218]" started-at="2021-10-03T17:37:41 IST" name="testLoadLanguageLearningPage" finished-at="2021-10-03T17:37:49 IST" duration-ms="7575" status="PASS">
          <reporter-output>
          </reporter-output>
        </test-method> <!-- testLoadLanguageLearningPage -->
        <test-method signature="testLanguageFilterAndPrintingValuesInExcel()[pri:8, instance:com.coursera.org.Test.LanguageLearningCourseCountTest@264f218]" started-at="2021-10-03T17:37:49 IST" name="testLanguageFilterAndPrintingValuesInExcel" finished-at="2021-10-03T17:37:57 IST" duration-ms="8641" status="PASS">
          <reporter-output>
          </reporter-output>
        </test-method> <!-- testLanguageFilterAndPrintingValuesInExcel -->
        <test-method signature="testLevelFilterAndPrintingValuesInExcel()[pri:8, instance:com.coursera.org.Test.LanguageLearningCourseCountTest@264f218]" started-at="2021-10-03T17:37:57 IST" name="testLevelFilterAndPrintingValuesInExcel" finished-at="2021-10-03T17:37:58 IST" duration-ms="1045" status="PASS">
          <reporter-output>
          </reporter-output>
        </test-method> <!-- testLevelFilterAndPrintingValuesInExcel -->
      </class> <!-- com.coursera.org.Test.LanguageLearningCourseCountTest -->
      <class name="com.coursera.org.Test.TestSetup">
        <test-method is-config="true" signature="initialiseSetUp()[pri:0, instance:com.coursera.org.Test.TestSetup@78fa769e]" started-at="2021-10-03T17:31:17 IST" name="initialiseSetUp" finished-at="2021-10-03T17:37:15 IST" duration-ms="357563" status="PASS">
          <reporter-output>
          </reporter-output>
        </test-method> <!-- initialiseSetUp -->
        <test-method is-config="true" signature="beforeGroupStatementSmoke()[pri:0, instance:com.coursera.org.Test.TestSetup@78fa769e]" started-at="2021-10-03T17:37:15 IST" name="beforeGroupStatementSmoke" finished-at="2021-10-03T17:37:15 IST" duration-ms="0" status="PASS">
          <reporter-output>
          </reporter-output>
        </test-method> <!-- beforeGroupStatementSmoke -->
        <test-method is-config="true" signature="beforeGroupStatementRegression()[pri:0, instance:com.coursera.org.Test.TestSetup@78fa769e]" started-at="2021-10-03T17:38:41 IST" name="beforeGroupStatementRegression" finished-at="2021-10-03T17:38:41 IST" duration-ms="0" status="PASS">
          <reporter-output>
          </reporter-output>
        </test-method> <!-- beforeGroupStatementRegression -->
        <test-method is-config="true" signature="resultStatementsSmoke()[pri:0, instance:com.coursera.org.Test.TestSetup@78fa769e]" started-at="2021-10-03T17:38:41 IST" name="resultStatementsSmoke" finished-at="2021-10-03T17:38:41 IST" duration-ms="0" status="PASS">
          <reporter-output>
          </reporter-output>
        </test-method> <!-- resultStatementsSmoke -->
        <test-method is-config="true" signature="resultStatementsRegression()[pri:0, instance:com.coursera.org.Test.TestSetup@78fa769e]" started-at="2021-10-03T17:43:49 IST" name="resultStatementsRegression" finished-at="2021-10-03T17:43:49 IST" duration-ms="0" status="PASS">
          <reporter-output>
          </reporter-output>
        </test-method> <!-- resultStatementsRegression -->
        <test-method is-config="true" signature="tearDown()[pri:0, instance:com.coursera.org.Test.TestSetup@78fa769e]" started-at="2021-10-03T17:43:49 IST" name="tearDown" finished-at="2021-10-03T17:43:51 IST" duration-ms="1130" status="PASS">
          <reporter-output>
          </reporter-output>
        </test-method> <!-- tearDown -->
      </class> <!-- com.coursera.org.Test.TestSetup -->
    </test> <!-- Full Test -->
  </suite> <!-- Suite -->
</testng-results>
